0 info it worked if it ends with ok
1 verbose cli [ '/usr/bin/node', '/usr/bin/npm', 'install', '-g', 'grunt-init' ]
2 info using npm@1.3.8
3 info using node@v0.10.18
4 verbose node symlink /usr/bin/node
5 verbose cache add [ 'grunt-init', null ]
6 verbose cache add name=undefined spec="grunt-init" args=["grunt-init",null]
7 verbose parsed url { protocol: null,
7 verbose parsed url   slashes: null,
7 verbose parsed url   auth: null,
7 verbose parsed url   host: null,
7 verbose parsed url   port: null,
7 verbose parsed url   hostname: null,
7 verbose parsed url   hash: null,
7 verbose parsed url   search: null,
7 verbose parsed url   query: null,
7 verbose parsed url   pathname: 'grunt-init',
7 verbose parsed url   path: 'grunt-init',
7 verbose parsed url   href: 'grunt-init' }
8 silly lockFile b1006280-grunt-init grunt-init
9 verbose lock grunt-init /home/neev/.npm/b1006280-grunt-init.lock
10 silly lockFile b1006280-grunt-init grunt-init
11 silly lockFile b1006280-grunt-init grunt-init
12 verbose addNamed [ 'grunt-init', '' ]
13 verbose addNamed [ null, '*' ]
14 silly lockFile 20a2bbcf-grunt-init grunt-init@
15 verbose lock grunt-init@ /home/neev/.npm/20a2bbcf-grunt-init.lock
16 silly addNameRange { name: 'grunt-init', range: '*', hasData: false }
17 verbose url raw grunt-init
18 verbose url resolving [ 'https://registry.npmjs.org/', './grunt-init' ]
19 verbose url resolved https://registry.npmjs.org/grunt-init
20 info trying registry request attempt 1 at 17:16:46
21 http GET https://registry.npmjs.org/grunt-init
22 http 200 https://registry.npmjs.org/grunt-init
23 silly registry.get cb [ 200,
23 silly registry.get   { vary: 'Accept',
23 silly registry.get     server: 'CouchDB/1.3.1 (Erlang OTP/R15B03)',
23 silly registry.get     etag: '"9KRE023I35NR72R6MBOWNMFQ4"',
23 silly registry.get     date: 'Tue, 29 Oct 2013 11:46:56 GMT',
23 silly registry.get     'content-type': 'application/json',
23 silly registry.get     'content-length': '90658' } ]
24 silly addNameRange number 2 { name: 'grunt-init', range: '*', hasData: true }
25 silly addNameRange versions [ 'grunt-init',
25 silly addNameRange   [ '0.1.0',
25 silly addNameRange     '0.2.0',
25 silly addNameRange     '0.2.1',
25 silly addNameRange     '0.2.0-rc1',
25 silly addNameRange     '0.2.0-rc2',
25 silly addNameRange     '0.2.0-rc3',
25 silly addNameRange     '0.2.0-rc4',
25 silly addNameRange     '0.2.0-rc5',
25 silly addNameRange     '0.2.0-rc6',
25 silly addNameRange     '0.2.0-rc7',
25 silly addNameRange     '0.2.0-rc8' ] ]
26 verbose addNamed [ 'grunt-init', '0.2.1' ]
27 verbose addNamed [ '0.2.1', '0.2.1' ]
28 silly lockFile a09ec256-grunt-init-0-2-1 grunt-init@0.2.1
29 verbose lock grunt-init@0.2.1 /home/neev/.npm/a09ec256-grunt-init-0-2-1.lock
30 silly lockFile 99a8e942--grunt-init-grunt-init-0-2-1-tgz https://registry.npmjs.org/grunt-init/-/grunt-init-0.2.1.tgz
31 verbose lock https://registry.npmjs.org/grunt-init/-/grunt-init-0.2.1.tgz /home/neev/.npm/99a8e942--grunt-init-grunt-init-0-2-1-tgz.lock
32 verbose addRemoteTarball [ 'https://registry.npmjs.org/grunt-init/-/grunt-init-0.2.1.tgz',
32 verbose addRemoteTarball   '89d669feeb782f86c0ec68080acbc730e5f3dcb9' ]
33 info retry fetch attempt 1 at 17:16:50
34 verbose fetch to= /home/neev/tmp/npm-7312-pCvgyU1b/1383047210417-0.641583748627454/tmp.tgz
35 http GET https://registry.npmjs.org/grunt-init/-/grunt-init-0.2.1.tgz
36 http 200 https://registry.npmjs.org/grunt-init/-/grunt-init-0.2.1.tgz
37 verbose tar unpack /home/neev/tmp/npm-7312-pCvgyU1b/1383047210417-0.641583748627454/tmp.tgz
38 silly lockFile b6e5063a-210417-0-641583748627454-package tar:///home/neev/tmp/npm-7312-pCvgyU1b/1383047210417-0.641583748627454/package
39 verbose lock tar:///home/neev/tmp/npm-7312-pCvgyU1b/1383047210417-0.641583748627454/package /home/neev/.npm/b6e5063a-210417-0-641583748627454-package.lock
40 silly lockFile e710f0ae-210417-0-641583748627454-tmp-tgz tar:///home/neev/tmp/npm-7312-pCvgyU1b/1383047210417-0.641583748627454/tmp.tgz
41 verbose lock tar:///home/neev/tmp/npm-7312-pCvgyU1b/1383047210417-0.641583748627454/tmp.tgz /home/neev/.npm/e710f0ae-210417-0-641583748627454-tmp-tgz.lock
42 silly gunzTarPerm modes [ '755', '644' ]
43 silly gunzTarPerm extractEntry package.json
44 silly gunzTarPerm extractEntry .npmignore
45 silly gunzTarPerm extractEntry README.md
46 silly gunzTarPerm extractEntry Gruntfile.js
47 silly gunzTarPerm extractEntry .jshintrc
48 silly gunzTarPerm extractEntry LICENSE-MIT
49 silly gunzTarPerm extractEntry .travis.yml
50 silly gunzTarPerm extractEntry bin/grunt-init
51 silly gunzTarPerm extractEntry dev/generate.exp
52 silly gunzTarPerm extractEntry AUTHORS
53 silly gunzTarPerm extractEntry tasks/init.js
54 silly gunzTarPerm extractEntry tasks/lib/git.js
55 silly gunzTarPerm extractEntry tasks/lib/helpers.js
56 silly gunzTarPerm extractEntry tasks/lib/prompt.js
57 silly gunzTarPerm extractEntry templates/licenses/LICENSE-Apache-2.0
58 silly gunzTarPerm extractEntry templates/licenses/LICENSE-GPL-2.0
59 silly gunzTarPerm extractEntry templates/licenses/LICENSE-MIT
60 silly gunzTarPerm extractEntry templates/licenses/LICENSE-MPL-2.0
61 silly gunzTarPerm extractEntry templates/misc/placeholder
62 silly gunzTarPerm extractEntry test/git_test.js
63 silly lockFile b6e5063a-210417-0-641583748627454-package tar:///home/neev/tmp/npm-7312-pCvgyU1b/1383047210417-0.641583748627454/package
64 silly lockFile b6e5063a-210417-0-641583748627454-package tar:///home/neev/tmp/npm-7312-pCvgyU1b/1383047210417-0.641583748627454/package
65 silly lockFile e710f0ae-210417-0-641583748627454-tmp-tgz tar:///home/neev/tmp/npm-7312-pCvgyU1b/1383047210417-0.641583748627454/tmp.tgz
66 silly lockFile e710f0ae-210417-0-641583748627454-tmp-tgz tar:///home/neev/tmp/npm-7312-pCvgyU1b/1383047210417-0.641583748627454/tmp.tgz
67 verbose tar pack [ '/home/neev/.npm/grunt-init/0.2.1/package.tgz',
67 verbose tar pack   '/home/neev/tmp/npm-7312-pCvgyU1b/1383047210417-0.641583748627454/package' ]
68 verbose tarball /home/neev/.npm/grunt-init/0.2.1/package.tgz
69 verbose folder /home/neev/tmp/npm-7312-pCvgyU1b/1383047210417-0.641583748627454/package
70 silly lockFile b6e5063a-210417-0-641583748627454-package tar:///home/neev/tmp/npm-7312-pCvgyU1b/1383047210417-0.641583748627454/package
71 verbose lock tar:///home/neev/tmp/npm-7312-pCvgyU1b/1383047210417-0.641583748627454/package /home/neev/.npm/b6e5063a-210417-0-641583748627454-package.lock
72 silly lockFile 295ba029-npm-grunt-init-0-2-1-package-tgz tar:///home/neev/.npm/grunt-init/0.2.1/package.tgz
73 verbose lock tar:///home/neev/.npm/grunt-init/0.2.1/package.tgz /home/neev/.npm/295ba029-npm-grunt-init-0-2-1-package-tgz.lock
74 silly lockFile b6e5063a-210417-0-641583748627454-package tar:///home/neev/tmp/npm-7312-pCvgyU1b/1383047210417-0.641583748627454/package
75 silly lockFile b6e5063a-210417-0-641583748627454-package tar:///home/neev/tmp/npm-7312-pCvgyU1b/1383047210417-0.641583748627454/package
76 silly lockFile 295ba029-npm-grunt-init-0-2-1-package-tgz tar:///home/neev/.npm/grunt-init/0.2.1/package.tgz
77 silly lockFile 295ba029-npm-grunt-init-0-2-1-package-tgz tar:///home/neev/.npm/grunt-init/0.2.1/package.tgz
78 silly lockFile 727a004a-eev-npm-grunt-init-0-2-1-package /home/neev/.npm/grunt-init/0.2.1/package
79 verbose lock /home/neev/.npm/grunt-init/0.2.1/package /home/neev/.npm/727a004a-eev-npm-grunt-init-0-2-1-package.lock
80 silly lockFile 727a004a-eev-npm-grunt-init-0-2-1-package /home/neev/.npm/grunt-init/0.2.1/package
81 silly lockFile 727a004a-eev-npm-grunt-init-0-2-1-package /home/neev/.npm/grunt-init/0.2.1/package
82 verbose tar unpack /home/neev/.npm/grunt-init/0.2.1/package.tgz
83 silly lockFile 0bf1447f-eev-npm-grunt-init-0-2-1-package tar:///home/neev/.npm/grunt-init/0.2.1/package
84 verbose lock tar:///home/neev/.npm/grunt-init/0.2.1/package /home/neev/.npm/0bf1447f-eev-npm-grunt-init-0-2-1-package.lock
85 silly lockFile 295ba029-npm-grunt-init-0-2-1-package-tgz tar:///home/neev/.npm/grunt-init/0.2.1/package.tgz
86 verbose lock tar:///home/neev/.npm/grunt-init/0.2.1/package.tgz /home/neev/.npm/295ba029-npm-grunt-init-0-2-1-package-tgz.lock
87 silly gunzTarPerm modes [ '755', '644' ]
88 silly gunzTarPerm extractEntry package.json
89 silly gunzTarPerm extractEntry .npmignore
90 silly gunzTarPerm extractEntry README.md
91 silly gunzTarPerm extractEntry Gruntfile.js
92 silly gunzTarPerm extractEntry .jshintrc
93 silly gunzTarPerm extractEntry LICENSE-MIT
94 silly gunzTarPerm extractEntry .travis.yml
95 silly gunzTarPerm extractEntry bin/grunt-init
96 silly gunzTarPerm extractEntry dev/generate.exp
97 silly gunzTarPerm extractEntry AUTHORS
98 silly gunzTarPerm extractEntry tasks/init.js
99 silly gunzTarPerm extractEntry tasks/lib/git.js
100 silly gunzTarPerm extractEntry tasks/lib/helpers.js
101 silly gunzTarPerm extractEntry tasks/lib/prompt.js
102 silly gunzTarPerm extractEntry templates/licenses/LICENSE-Apache-2.0
103 silly gunzTarPerm extractEntry templates/licenses/LICENSE-GPL-2.0
104 silly gunzTarPerm extractEntry templates/licenses/LICENSE-MIT
105 silly gunzTarPerm extractEntry templates/licenses/LICENSE-MPL-2.0
106 silly gunzTarPerm extractEntry templates/misc/placeholder
107 silly gunzTarPerm extractEntry test/git_test.js
108 silly lockFile 0bf1447f-eev-npm-grunt-init-0-2-1-package tar:///home/neev/.npm/grunt-init/0.2.1/package
109 silly lockFile 0bf1447f-eev-npm-grunt-init-0-2-1-package tar:///home/neev/.npm/grunt-init/0.2.1/package
110 silly lockFile 295ba029-npm-grunt-init-0-2-1-package-tgz tar:///home/neev/.npm/grunt-init/0.2.1/package.tgz
111 silly lockFile 295ba029-npm-grunt-init-0-2-1-package-tgz tar:///home/neev/.npm/grunt-init/0.2.1/package.tgz
112 verbose chmod /home/neev/.npm/grunt-init/0.2.1/package.tgz 644
113 verbose chown /home/neev/.npm/grunt-init/0.2.1/package.tgz [ 1000, 1000 ]
114 silly lockFile 99a8e942--grunt-init-grunt-init-0-2-1-tgz https://registry.npmjs.org/grunt-init/-/grunt-init-0.2.1.tgz
115 silly lockFile 99a8e942--grunt-init-grunt-init-0-2-1-tgz https://registry.npmjs.org/grunt-init/-/grunt-init-0.2.1.tgz
116 silly lockFile a09ec256-grunt-init-0-2-1 grunt-init@0.2.1
117 silly lockFile a09ec256-grunt-init-0-2-1 grunt-init@0.2.1
118 silly lockFile 20a2bbcf-grunt-init grunt-init@
119 silly lockFile 20a2bbcf-grunt-init grunt-init@
120 silly resolved [ { name: 'grunt-init',
120 silly resolved     description: 'Generate project scaffolding from a template.',
120 silly resolved     version: '0.2.1',
120 silly resolved     homepage: 'https://github.com/gruntjs/grunt-init',
120 silly resolved     author: { name: 'Grunt Team', url: 'http://gruntjs.com/' },
120 silly resolved     repository: { type: 'git', url: 'git://github.com/gruntjs/grunt-init.git' },
120 silly resolved     bugs: { url: 'https://github.com/gruntjs/grunt-init/issues' },
120 silly resolved     licenses: [ [Object] ],
120 silly resolved     preferGlobal: true,
120 silly resolved     bin: { 'grunt-init': 'bin/grunt-init' },
120 silly resolved     engines: { node: '>= 0.8.0' },
120 silly resolved     scripts: { test: 'grunt test' },
120 silly resolved     dependencies:
120 silly resolved      { prompt: '~0.1.12',
120 silly resolved        semver: '~1.0.14',
120 silly resolved        hooker: '~0.2.3',
120 silly resolved        colors: '~0.6.0-1',
120 silly resolved        grunt: '~0.4.0' },
120 silly resolved     devDependencies:
120 silly resolved      { 'grunt-contrib-jshint': '~0.1.1',
120 silly resolved        'grunt-contrib-nodeunit': '~0.1.2' },
120 silly resolved     keywords: [ 'grunt', 'template', 'scaffold', 'generate', 'project' ],
120 silly resolved     contributors: [ [Object] ],
120 silly resolved     readme: '# grunt-init [![Build Status](https://secure.travis-ci.org/gruntjs/grunt-init.png?branch=master)](http://travis-ci.org/gruntjs/grunt-init)\nGrunt-init is a scaffolding tool used to automate project creation.\n\n## Introduction\nCheck out our [project scaffolding guide] for a primer on how to use grunt-init.\n\n## Documentation\nThe [project scaffolding guide] has API documentation and usage examples.\n\n## Support / Contributing\nBefore you make an issue, please read our [contribution guide].\n\nYou can find the grunt team in [#grunt on irc.freenode.net](irc://irc.freenode.net/#grunt).\n\n\n[contribution guide]: http://gruntjs.com/contributing\n[project scaffolding guide]: http://gruntjs.com/project-scaffolding\n',
120 silly resolved     readmeFilename: 'README.md',
120 silly resolved     _id: 'grunt-init@0.2.1',
120 silly resolved     dist: { shasum: '57f135c0ccef3511847a38fc049073974e58b8f1' },
120 silly resolved     _from: 'grunt-init@',
120 silly resolved     _resolved: 'https://registry.npmjs.org/grunt-init/-/grunt-init-0.2.1.tgz' } ]
121 info install grunt-init@0.2.1 into /usr/lib
122 info installOne grunt-init@0.2.1
123 info /usr/lib/node_modules/grunt-init unbuild
124 verbose tar unpack /home/neev/.npm/grunt-init/0.2.1/package.tgz
125 silly lockFile 07694ed7--usr-lib-node-modules-grunt-init tar:///usr/lib/node_modules/grunt-init
126 verbose lock tar:///usr/lib/node_modules/grunt-init /home/neev/.npm/07694ed7--usr-lib-node-modules-grunt-init.lock
127 silly lockFile 295ba029-npm-grunt-init-0-2-1-package-tgz tar:///home/neev/.npm/grunt-init/0.2.1/package.tgz
128 verbose lock tar:///home/neev/.npm/grunt-init/0.2.1/package.tgz /home/neev/.npm/295ba029-npm-grunt-init-0-2-1-package-tgz.lock
129 silly gunzTarPerm modes [ '755', '644' ]
130 error Error: EACCES, mkdir '/usr/lib/node_modules/grunt-init'
130 error  { [Error: EACCES, mkdir '/usr/lib/node_modules/grunt-init']
130 error   errno: 3,
130 error   code: 'EACCES',
130 error   path: '/usr/lib/node_modules/grunt-init',
130 error   fstream_type: 'Directory',
130 error   fstream_path: '/usr/lib/node_modules/grunt-init',
130 error   fstream_class: 'DirWriter',
130 error   fstream_stack:
130 error    [ '/usr/lib/node_modules/npm/node_modules/fstream/lib/dir-writer.js:36:23',
130 error      '/usr/lib/node_modules/npm/node_modules/mkdirp/index.js:37:53',
130 error      'Object.oncomplete (fs.js:107:15)' ] }
131 error Please try running this command again as root/Administrator.
132 error System Linux 3.5.0-40-generic
133 error command "/usr/bin/node" "/usr/bin/npm" "install" "-g" "grunt-init"
134 error cwd /home/neev/Music/Angular
135 error node -v v0.10.18
136 error npm -v 1.3.8
137 error path /usr/lib/node_modules/grunt-init
138 error fstream_path /usr/lib/node_modules/grunt-init
139 error fstream_type Directory
140 error fstream_class DirWriter
141 error code EACCES
142 error errno 3
143 error stack Error: EACCES, mkdir '/usr/lib/node_modules/grunt-init'
144 error fstream_stack /usr/lib/node_modules/npm/node_modules/fstream/lib/dir-writer.js:36:23
144 error fstream_stack /usr/lib/node_modules/npm/node_modules/mkdirp/index.js:37:53
144 error fstream_stack Object.oncomplete (fs.js:107:15)
145 verbose exit [ 3, true ]
